0 info it worked if it ends with ok
1 verbose cli [ '/usr/local/Cellar/node/0.10.15/bin/node',
1 verbose cli   '/usr/local/bin/npm',
1 verbose cli   'install',
1 verbose cli   'nokogiri' ]
2 info using npm@1.3.5
3 info using node@v0.10.15
4 verbose cache add [ 'nokogiri', null ]
5 verbose cache add name=undefined spec="nokogiri" args=["nokogiri",null]
6 verbose parsed url { protocol: null,
6 verbose parsed url   slashes: null,
6 verbose parsed url   auth: null,
6 verbose parsed url   host: null,
6 verbose parsed url   port: null,
6 verbose parsed url   hostname: null,
6 verbose parsed url   hash: null,
6 verbose parsed url   search: null,
6 verbose parsed url   query: null,
6 verbose parsed url   pathname: 'nokogiri',
6 verbose parsed url   path: 'nokogiri',
6 verbose parsed url   href: 'nokogiri' }
7 silly lockFile 3e063564-nokogiri nokogiri
8 verbose lock nokogiri /Users/dmarcos/.npm/3e063564-nokogiri.lock
9 silly lockFile 3e063564-nokogiri nokogiri
10 silly lockFile 3e063564-nokogiri nokogiri
11 verbose addNamed [ 'nokogiri', '' ]
12 verbose addNamed [ null, '*' ]
13 silly lockFile 7690abe0-nokogiri nokogiri@
14 verbose lock nokogiri@ /Users/dmarcos/.npm/7690abe0-nokogiri.lock
15 silly addNameRange { name: 'nokogiri', range: '*', hasData: false }
16 verbose url raw nokogiri
17 verbose url resolving [ 'https://registry.npmjs.org/', './nokogiri' ]
18 verbose url resolved https://registry.npmjs.org/nokogiri
19 info trying registry request attempt 1 at 13:54:24
20 http GET https://registry.npmjs.org/nokogiri
21 http 404 https://registry.npmjs.org/nokogiri
22 silly registry.get cb [ 404,
22 silly registry.get   { server: 'CouchDB/1.3.1 (Erlang OTP/R15B03)',
22 silly registry.get     date: 'Wed, 16 Oct 2013 23:54:27 GMT',
22 silly registry.get     'content-type': 'application/json',
22 silly registry.get     'content-length': '52',
22 silly registry.get     'cache-control': 'must-revalidate' } ]
23 silly lockFile 7690abe0-nokogiri nokogiri@
24 silly lockFile 7690abe0-nokogiri nokogiri@
25 error 404 'nokogiri' is not in the npm registry.
25 error 404 You should bug the author to publish it
25 error 404
25 error 404 Note that you can also install from a
25 error 404 tarball, folder, or http url, or git url.
26 error System Darwin 12.5.0
27 error command "/usr/local/Cellar/node/0.10.15/bin/node" "/usr/local/bin/npm" "install" "nokogiri"
28 error cwd /Users/dmarcos/Development/dmarcos.github.com
29 error node -v v0.10.15
30 error npm -v 1.3.5
31 error code E404
32 verbose exit [ 1, true ]
